<?xml version="1.0" encoding="UTF-8"?>
<!-- Generated by org.testng.reporters.JUnitXMLReporter -->
<testsuite ignored="0" hostname="MSI" failures="1" tests="6" name="Test" time="32.435" errors="0" timestamp="31 Jul 2022 20:38:07 GMT">
  <testcase classname="com.crm.qa.testcases.HomePageTest" name="contactTextTest" time="8.545"/>
  <testcase classname="com.crm.qa.testcases.HomePageTest" name="homepageTitleTest" time="3.459">
    <failure type="java.lang.AssertionError" message="expected [(6) Facebook] but found [Facebook - log in or sign up]">
      <![CDATA[java.lang.AssertionError: expected [(6) Facebook] but found [Facebook - log in or sign up]
at com.crm.qa.testcases.HomePageTest.homepageTitleTest(HomePageTest.java:33)
... Removed 31 stack frames]]>
    </failure>
  </testcase> <!-- homepageTitleTest -->
  <testcase classname="com.crm.qa.testcases.HomePageTest" name="verifyUserNameTest" time="4.109"/>
  <testcase classname="com.crm.qa.testcases.LoginPageTest" name="titleTest" time="0.004"/>
  <testcase classname="com.crm.qa.testcases.LoginPageTest" name="fbLogoTest" time="0.025"/>
  <testcase classname="com.crm.qa.testcases.LoginPageTest" name="LoginTest" time="0.173"/>
</testsuite> <!-- Test -->
